  [1m[35m (43.5ms)[0m  [1m[35mCREATE TABLE "schema_migrations" ("version" character varying NOT NULL PRIMARY KEY)[0m
  [1m[35m (26.4ms)[0m  [1m[35mCREATE TABLE "ar_internal_metadata" ("key" character varying NOT NULL PRIMARY KEY, "value" character varying, "created_at" timestamp NOT NULL, "updated_at" timestamp NOT NULL)[0m
  [1m[35m (17.1ms)[0m  [1m[34mSELECT pg_try_advisory_lock(6915426600604402440)[0m
  [1m[35m (1.1ms)[0m  [1m[34mSELECT "schema_migrations"."version" FROM "schema_migrations" ORDER BY "schema_migrations"."version" ASC[0m
Migrating to CreateNews (20180403154029)
  [1m[35m (0.2ms)[0m  [1m[35mBEGIN[0m
  [1m[35m (31.4ms)[0m  [1m[35mCREATE TABLE "news" ("id" bigserial primary key, "title" character varying, "subtitle" character varying, "body" text, "created_at" timestamp NOT NULL, "updated_at" timestamp NOT NULL)[0m
  [1m[35mSQL (0.7ms)[0m  [1m[32mINSERT INTO "schema_migrations" ("version") VALUES ($1) RETURNING "version"[0m  [["version", "20180403154029"]]
  [1m[35m (0.7ms)[0m  [1m[35mCOMMIT[0m
Migrating to CreateComments (20180403154131)
  [1m[35m (6.0ms)[0m  [1m[35mBEGIN[0m
  [1m[35m (16.2ms)[0m  [1m[35mCREATE TABLE "comments" ("id" bigserial primary key, "author" character varying, "comment" text, "created_at" timestamp NOT NULL, "updated_at" timestamp NOT NULL)[0m
  [1m[35mSQL (0.5ms)[0m  [1m[32mINSERT INTO "schema_migrations" ("version") VALUES ($1) RETURNING "version"[0m  [["version", "20180403154131"]]
  [1m[35m (0.7ms)[0m  [1m[35mCOMMIT[0m
Migrating to AddNewToComments (20180403165400)
  [1m[35m (5.9ms)[0m  [1m[35mBEGIN[0m
  [1m[35m (18.4ms)[0m  [1m[35mALTER TABLE "comments" ADD "new_id" bigint[0m
  [1m[35m (3.6ms)[0m  [1m[35mCREATE  INDEX  "index_comments_on_new_id" ON "comments"  ("new_id")[0m
  [1m[35m (6.4ms)[0m  [1m[35mALTER TABLE "comments" ADD CONSTRAINT "fk_rails_fdd6891474"
FOREIGN KEY ("new_id")
  REFERENCES "news" ("id")
[0m
  [1m[35mSQL (0.8ms)[0m  [1m[32mINSERT INTO "schema_migrations" ("version") VALUES ($1) RETURNING "version"[0m  [["version", "20180403165400"]]
  [1m[35m (1.0ms)[0m  [1m[35mCOMMIT[0m
  [1m[36mActiveRecord::InternalMetadata Load (0.6ms)[0m  [1m[34mSELECT  "ar_internal_metadata".* FROM "ar_internal_metadata" WHERE "ar_internal_metadata"."key" = $1 LIMIT $2[0m  [["key", "environment"], ["LIMIT", 1]]
  [1m[35m (0.4ms)[0m  [1m[35mBEGIN[0m
  [1m[35mSQL (0.8ms)[0m  [1m[32mINSERT INTO "ar_internal_metadata" ("key", "value", "created_at", "updated_at") VALUES ($1, $2, $3, $4) RETURNING "key"[0m  [["key", "environment"], ["value", "development"], ["created_at", "2018-04-03 19:17:23.449559"], ["updated_at", "2018-04-03 19:17:23.449559"]]
  [1m[35m (0.7ms)[0m  [1m[35mCOMMIT[0m
  [1m[35m (0.5ms)[0m  [1m[34mSELECT pg_advisory_unlock(6915426600604402440)[0m
  [1m[35m (0.3ms)[0m  [1m[34mSELECT "schema_migrations"."version" FROM "schema_migrations" ORDER BY "schema_migrations"."version" ASC[0m
Started GET "/news" for 127.0.0.1 at 2018-04-03 16:19:11 -0300
  [1m[35m (1.1ms)[0m  [1m[34mSELECT "schema_migrations"."version" FROM "schema_migrations" ORDER BY "schema_migrations"."version" ASC[0m
  
ActionController::RoutingError (No route matches [GET] "/news"):
  
actionpack (5.1.6) lib/action_dispatch/middleware/debug_exceptions.rb:63:in `call'
web-console (3.5.1) lib/web_console/middleware.rb:135:in `call_app'
web-console (3.5.1) lib/web_console/middleware.rb:28:in `block in call'
web-console (3.5.1) lib/web_console/middleware.rb:18:in `catch'
web-console (3.5.1) lib/web_console/middleware.rb:18:in `call'
actionpack (5.1.6) lib/action_dispatch/middleware/show_exceptions.rb:31:in `call'
railties (5.1.6) lib/rails/rack/logger.rb:36:in `call_app'
railties (5.1.6) lib/rails/rack/logger.rb:24:in `block in call'
activesupport (5.1.6) lib/active_support/tagged_logging.rb:69:in `block in tagged'
activesupport (5.1.6) lib/active_support/tagged_logging.rb:26:in `tagged'
activesupport (5.1.6) lib/active_support/tagged_logging.rb:69:in `tagged'
railties (5.1.6) lib/rails/rack/logger.rb:24:in `call'
sprockets-rails (3.2.1) lib/sprockets/rails/quiet_assets.rb:13:in `call'
actionpack (5.1.6) lib/action_dispatch/middleware/remote_ip.rb:79:in `call'
actionpack (5.1.6) lib/action_dispatch/middleware/request_id.rb:25:in `call'
rack (2.0.4) lib/rack/method_override.rb:22:in `call'
rack (2.0.4) lib/rack/runtime.rb:22:in `call'
activesupport (5.1.6) lib/active_support/cache/strategy/local_cache_middleware.rb:27:in `call'
actionpack (5.1.6) lib/action_dispatch/middleware/executor.rb:12:in `call'
actionpack (5.1.6) lib/action_dispatch/middleware/static.rb:125:in `call'
rack (2.0.4) lib/rack/sendfile.rb:111:in `call'
railties (5.1.6) lib/rails/engine.rb:522:in `call'
puma (3.11.3) lib/puma/configuration.rb:225:in `call'
puma (3.11.3) lib/puma/server.rb:624:in `handle_request'
puma (3.11.3) lib/puma/server.rb:438:in `process_client'
puma (3.11.3) lib/puma/server.rb:302:in `block in run'
puma (3.11.3) lib/puma/thread_pool.rb:120:in `block in spawn_thread'
Started GET "/news" for 127.0.0.1 at 2018-04-03 16:20:36 -0300
Processing by NewsController#index as */*
  Parameters: {"news"=>{}}
  [1m[36mNew Load (0.9ms)[0m  [1m[34mSELECT "news".* FROM "news"[0m
Completed 200 OK in 22ms (Views: 3.4ms | ActiveRecord: 4.1ms)


Started POST "/news" for 127.0.0.1 at 2018-04-03 16:21:30 -0300
Processing by NewsController#create as */*
  Parameters: {"title"=>"Título de la noticia creada", "subtitle"=>"Subtítulo de la noticia creada", "body"=>"Cuerpo de la noticia creada", "news"=>{"title"=>"Título de la noticia creada", "subtitle"=>"Subtítulo de la noticia creada", "body"=>"Cuerpo de la noticia creada"}}
  [1m[35m (4.2ms)[0m  [1m[35mBEGIN[0m
  [1m[36mNew Exists (18.7ms)[0m  [1m[34mSELECT  1 AS one FROM "news" WHERE "news"."title" = $1 LIMIT $2[0m  [["title", "Título de la noticia creada"], ["LIMIT", 1]]
  [1m[35mSQL (14.1ms)[0m  [1m[32mINSERT INTO "news" ("title", "subtitle", "body", "created_at", "updated_at") VALUES ($1, $2, $3, $4, $5) RETURNING "id"[0m  [["title", "Título de la noticia creada"], ["subtitle", "Subtítulo de la noticia creada"], ["body", "Cuerpo de la noticia creada"], ["created_at", "2018-04-03 19:21:30.833150"], ["updated_at", "2018-04-03 19:21:30.833150"]]
  [1m[35m (1.4ms)[0m  [1m[35mCOMMIT[0m
Completed 201 Created in 119ms (Views: 0.8ms | ActiveRecord: 44.8ms)


Started POST "/news" for 127.0.0.1 at 2018-04-03 16:21:54 -0300
Processing by NewsController#create as */*
  Parameters: {"title"=>"pelo", "subtitle"=>"subpelo", "body"=>"un pelo peliado", "news"=>{"title"=>"pelo", "subtitle"=>"subpelo", "body"=>"un pelo peliado"}}
  [1m[35m (0.2ms)[0m  [1m[35mBEGIN[0m
  [1m[36mNew Exists (1.2ms)[0m  [1m[34mSELECT  1 AS one FROM "news" WHERE "news"."title" = $1 LIMIT $2[0m  [["title", "pelo"], ["LIMIT", 1]]
  [1m[35mSQL (1.1ms)[0m  [1m[32mINSERT INTO "news" ("title", "subtitle", "body", "created_at", "updated_at") VALUES ($1, $2, $3, $4, $5) RETURNING "id"[0m  [["title", "pelo"], ["subtitle", "subpelo"], ["body", "un pelo peliado"], ["created_at", "2018-04-03 19:21:55.004226"], ["updated_at", "2018-04-03 19:21:55.004226"]]
  [1m[35m (6.3ms)[0m  [1m[35mCOMMIT[0m
Completed 201 Created in 19ms (Views: 1.1ms | ActiveRecord: 8.8ms)


Started GET "/news" for 127.0.0.1 at 2018-04-03 16:21:59 -0300
Processing by NewsController#index as */*
  Parameters: {"news"=>{}}
  [1m[36mNew Load (0.5ms)[0m  [1m[34mSELECT "news".* FROM "news"[0m
Completed 200 OK in 13ms (Views: 11.8ms | ActiveRecord: 0.5ms)


Started GET "/news/2" for 127.0.0.1 at 2018-04-03 16:22:47 -0300
Processing by NewsController#show as */*
  Parameters: {"id"=>"2", "news"=>{}}
  [1m[36mNew Load (0.4ms)[0m  [1m[34mSELECT  "news".* FROM "news" WHERE "news"."id" = $1 LIMIT $2[0m  [["id", 2], ["LIMIT", 1]]
Completed 200 OK in 13ms (Views: 0.6ms | ActiveRecord: 0.7ms)


Started DELETE "/news/2" for 127.0.0.1 at 2018-04-03 16:23:03 -0300
Processing by NewsController#destroy as */*
  Parameters: {"title"=>"pelo", "subtitle"=>"subpelo", "body"=>"un pelo peliado", "id"=>"2", "news"=>{"title"=>"pelo", "subtitle"=>"subpelo", "body"=>"un pelo peliado"}}
  [1m[36mNew Load (0.4ms)[0m  [1m[34mSELECT  "news".* FROM "news" WHERE "news"."id" = $1 LIMIT $2[0m  [["id", 2], ["LIMIT", 1]]
  [1m[35m (0.2ms)[0m  [1m[35mBEGIN[0m
  [1m[35mSQL (6.0ms)[0m  [1m[31mDELETE FROM "news" WHERE "news"."id" = $1[0m  [["id", 2]]
  [1m[35m (0.6ms)[0m  [1m[35mCOMMIT[0m
Completed 200 OK in 23ms (Views: 0.7ms | ActiveRecord: 7.4ms)


Started GET "/news" for 127.0.0.1 at 2018-04-03 16:23:09 -0300
Processing by NewsController#index as */*
  Parameters: {"news"=>{}}
  [1m[36mNew Load (0.5ms)[0m  [1m[34mSELECT "news".* FROM "news"[0m
Completed 200 OK in 7ms (Views: 6.1ms | ActiveRecord: 0.5ms)


Started PUT "/news/1" for 127.0.0.1 at 2018-04-03 16:23:35 -0300
Processing by NewsController#update as */*
  Parameters: {"title"=>"pelo", "subtitle"=>"subpelo", "body"=>"un pelo peliado", "id"=>"1", "news"=>{"title"=>"pelo", "subtitle"=>"subpelo", "body"=>"un pelo peliado"}}
  [1m[36mNew Load (0.4ms)[0m  [1m[34mSELECT  "news".* FROM "news" WHERE "news"."id" = $1 LIMIT $2[0m  [["id", 1], ["LIMIT", 1]]
  [1m[35m (0.2ms)[0m  [1m[35mBEGIN[0m
  [1m[36mNew Exists (0.5ms)[0m  [1m[34mSELECT  1 AS one FROM "news" WHERE "news"."title" = $1 AND ("news"."id" != $2) LIMIT $3[0m  [["title", "pelo"], ["id", 1], ["LIMIT", 1]]
  [1m[35mSQL (7.0ms)[0m  [1m[33mUPDATE "news" SET "title" = $1, "body" = $2, "subtitle" = $3, "updated_at" = $4 WHERE "news"."id" = $5[0m  [["title", "pelo"], ["body", "un pelo peliado"], ["subtitle", "subpelo"], ["updated_at", "2018-04-03 19:23:35.286277"], ["id", 1]]
  [1m[35m (6.0ms)[0m  [1m[35mCOMMIT[0m
Completed 200 OK in 21ms (Views: 0.6ms | ActiveRecord: 14.1ms)


Started PUT "/news/1" for 127.0.0.1 at 2018-04-03 16:23:46 -0300
Processing by NewsController#update as */*
  Parameters: {"title"=>"pleon", "id"=>"1", "news"=>{"title"=>"pleon"}}
  [1m[36mNew Load (0.5ms)[0m  [1m[34mSELECT  "news".* FROM "news" WHERE "news"."id" = $1 LIMIT $2[0m  [["id", 1], ["LIMIT", 1]]
  [1m[35m (0.3ms)[0m  [1m[35mBEGIN[0m
  [1m[36mNew Exists (0.6ms)[0m  [1m[34mSELECT  1 AS one FROM "news" WHERE "news"."title" = $1 AND ("news"."id" != $2) LIMIT $3[0m  [["title", "pleon"], ["id", 1], ["LIMIT", 1]]
  [1m[35mSQL (0.8ms)[0m  [1m[33mUPDATE "news" SET "title" = $1, "updated_at" = $2 WHERE "news"."id" = $3[0m  [["title", "pleon"], ["updated_at", "2018-04-03 19:23:47.000208"], ["id", 1]]
  [1m[35m (6.4ms)[0m  [1m[35mCOMMIT[0m
Completed 200 OK in 17ms (Views: 0.7ms | ActiveRecord: 8.7ms)


Started GET "/news" for 127.0.0.1 at 2018-04-03 16:23:53 -0300
Processing by NewsController#index as */*
  Parameters: {"news"=>{}}
  [1m[36mNew Load (0.6ms)[0m  [1m[34mSELECT "news".* FROM "news"[0m
Completed 200 OK in 4ms (Views: 2.5ms | ActiveRecord: 0.6ms)


Started GET "/news/1/comments" for 127.0.0.1 at 2018-04-03 16:24:29 -0300
Processing by NewsController#comments as */*
  Parameters: {"new_id"=>"1", "news"=>{}}
  [1m[36mNew Load (0.5ms)[0m  [1m[34mSELECT  "news".* FROM "news" WHERE "news"."id" = $1 LIMIT $2[0m  [["id", 1], ["LIMIT", 1]]
  [1m[36mComment Load (0.6ms)[0m  [1m[34mSELECT "comments".* FROM "comments" WHERE "comments"."new_id" = $1[0m  [["new_id", 1]]
Completed 200 OK in 48ms (Views: 11.5ms | ActiveRecord: 3.5ms)


Started POST "/news/1/comments" for 127.0.0.1 at 2018-04-03 16:24:54 -0300
Processing by CommentsController#create as */*
  Parameters: {"author"=>"Juan Pérez", "comment"=>"Que buena noticia!", "new_id"=>"1"}
  [1m[36mNew Load (0.3ms)[0m  [1m[34mSELECT  "news".* FROM "news" WHERE "news"."id" = $1 LIMIT $2[0m  [["id", 1], ["LIMIT", 1]]
  [1m[35m (6.4ms)[0m  [1m[35mBEGIN[0m
  [1m[35mSQL (20.0ms)[0m  [1m[32mINSERT INTO "comments" ("author", "comment", "created_at", "updated_at", "new_id") VALUES ($1, $2, $3, $4, $5) RETURNING "id"[0m  [["author", "Juan Pérez"], ["comment", "Que buena noticia!"], ["created_at", "2018-04-03 19:24:54.283961"], ["updated_at", "2018-04-03 19:24:54.283961"], ["new_id", 1]]
  [1m[35m (1.5ms)[0m  [1m[35mCOMMIT[0m
  [1m[35m (0.2ms)[0m  [1m[35mBEGIN[0m
  [1m[35m (0.2ms)[0m  [1m[35mCOMMIT[0m
Completed 200 OK in 55ms (Views: 0.7ms | ActiveRecord: 31.0ms)


Started GET "/news/1/comments" for 127.0.0.1 at 2018-04-03 16:25:02 -0300
Processing by NewsController#comments as */*
  Parameters: {"new_id"=>"1", "news"=>{}}
  [1m[36mNew Load (0.4ms)[0m  [1m[34mSELECT  "news".* FROM "news" WHERE "news"."id" = $1 LIMIT $2[0m  [["id", 1], ["LIMIT", 1]]
  [1m[36mComment Load (0.5ms)[0m  [1m[34mSELECT "comments".* FROM "comments" WHERE "comments"."new_id" = $1[0m  [["new_id", 1]]
Completed 200 OK in 5ms (Views: 2.5ms | ActiveRecord: 0.9ms)


Started POST "/news/1/comments" for 127.0.0.1 at 2018-04-03 16:25:25 -0300
Processing by CommentsController#create as */*
  Parameters: {"author"=>"Juan Pablo", "comment"=>"Que mala noticia!", "new_id"=>"1"}
  [1m[36mNew Load (0.3ms)[0m  [1m[34mSELECT  "news".* FROM "news" WHERE "news"."id" = $1 LIMIT $2[0m  [["id", 1], ["LIMIT", 1]]
  [1m[35m (0.2ms)[0m  [1m[35mBEGIN[0m
  [1m[35mSQL (0.7ms)[0m  [1m[32mINSERT INTO "comments" ("author", "comment", "created_at", "updated_at", "new_id") VALUES ($1, $2, $3, $4, $5) RETURNING "id"[0m  [["author", "Juan Pablo"], ["comment", "Que mala noticia!"], ["created_at", "2018-04-03 19:25:25.070987"], ["updated_at", "2018-04-03 19:25:25.070987"], ["new_id", 1]]
  [1m[35m (6.9ms)[0m  [1m[35mCOMMIT[0m
  [1m[35m (0.2ms)[0m  [1m[35mBEGIN[0m
  [1m[35m (0.2ms)[0m  [1m[35mCOMMIT[0m
Completed 200 OK in 15ms (Views: 0.6ms | ActiveRecord: 8.5ms)


Started GET "/news/1/comments" for 127.0.0.1 at 2018-04-03 16:25:30 -0300
Processing by NewsController#comments as */*
  Parameters: {"new_id"=>"1", "news"=>{}}
  [1m[36mNew Load (0.4ms)[0m  [1m[34mSELECT  "news".* FROM "news" WHERE "news"."id" = $1 LIMIT $2[0m  [["id", 1], ["LIMIT", 1]]
  [1m[36mComment Load (0.5ms)[0m  [1m[34mSELECT "comments".* FROM "comments" WHERE "comments"."new_id" = $1[0m  [["new_id", 1]]
Completed 200 OK in 5ms (Views: 2.8ms | ActiveRecord: 0.9ms)


Started GET "/news/1/comments/2" for 127.0.0.1 at 2018-04-03 16:25:41 -0300
Processing by CommentsController#show_comment as */*
  Parameters: {"new_id"=>"1", "id"=>"2", "comment"=>{}}
  [1m[36mNew Load (0.6ms)[0m  [1m[34mSELECT  "news".* FROM "news" WHERE "news"."id" = $1 LIMIT $2[0m  [["id", 1], ["LIMIT", 1]]
  [1m[36mComment Load (0.4ms)[0m  [1m[34mSELECT  "comments".* FROM "comments" WHERE "comments"."id" = $1 LIMIT $2[0m  [["id", 2], ["LIMIT", 1]]
Completed 200 OK in 6ms (Views: 1.0ms | ActiveRecord: 1.1ms)


Started GET "/news/1/comments/1" for 127.0.0.1 at 2018-04-03 16:25:45 -0300
Processing by CommentsController#show_comment as */*
  Parameters: {"new_id"=>"1", "id"=>"1", "comment"=>{}}
  [1m[36mNew Load (0.4ms)[0m  [1m[34mSELECT  "news".* FROM "news" WHERE "news"."id" = $1 LIMIT $2[0m  [["id", 1], ["LIMIT", 1]]
  [1m[36mComment Load (0.3ms)[0m  [1m[34mSELECT  "comments".* FROM "comments" WHERE "comments"."id" = $1 LIMIT $2[0m  [["id", 1], ["LIMIT", 1]]
Completed 200 OK in 46ms (Views: 0.6ms | ActiveRecord: 0.7ms)


Started POST "/news/2/comments" for 127.0.0.1 at 2018-04-03 16:25:53 -0300
Processing by CommentsController#create as */*
  Parameters: {"author"=>"Juan Pablo", "comment"=>"Que mala noticia!", "new_id"=>"2"}
  [1m[36mNew Load (0.4ms)[0m  [1m[34mSELECT  "news".* FROM "news" WHERE "news"."id" = $1 LIMIT $2[0m  [["id", 2], ["LIMIT", 1]]
Completed 404 Not Found in 3ms (ActiveRecord: 0.4ms)


  
ActiveRecord::RecordNotFound (Couldn't find New with 'id'=2):
  
app/controllers/comments_controller.rb:53:in `set_new'
Started POST "/news" for 127.0.0.1 at 2018-04-03 16:26:15 -0300
Processing by NewsController#create as */*
  Parameters: {"title"=>"peljo", "subtitle"=>"subpelo", "body"=>"un", "news"=>{"title"=>"peljo", "subtitle"=>"subpelo", "body"=>"un"}}
  [1m[35m (0.2ms)[0m  [1m[35mBEGIN[0m
  [1m[36mNew Exists (0.6ms)[0m  [1m[34mSELECT  1 AS one FROM "news" WHERE "news"."title" = $1 LIMIT $2[0m  [["title", "peljo"], ["LIMIT", 1]]
  [1m[35mSQL (7.0ms)[0m  [1m[32mINSERT INTO "news" ("title", "subtitle", "body", "created_at", "updated_at") VALUES ($1, $2, $3, $4, $5) RETURNING "id"[0m  [["title", "peljo"], ["subtitle", "subpelo"], ["body", "un"], ["created_at", "2018-04-03 19:26:15.198470"], ["updated_at", "2018-04-03 19:26:15.198470"]]
  [1m[35m (6.5ms)[0m  [1m[35mCOMMIT[0m
Completed 201 Created in 22ms (Views: 0.6ms | ActiveRecord: 14.3ms)


Started POST "/news/3/comments" for 127.0.0.1 at 2018-04-03 16:26:43 -0300
Processing by CommentsController#create as */*
  Parameters: {"author"=>"Juan Pérez", "comment"=>"Que buena noticia!", "new_id"=>"3"}
  [1m[36mNew Load (0.3ms)[0m  [1m[34mSELECT  "news".* FROM "news" WHERE "news"."id" = $1 LIMIT $2[0m  [["id", 3], ["LIMIT", 1]]
  [1m[35m (0.2ms)[0m  [1m[35mBEGIN[0m
  [1m[35mSQL (1.2ms)[0m  [1m[32mINSERT INTO "comments" ("author", "comment", "created_at", "updated_at", "new_id") VALUES ($1, $2, $3, $4, $5) RETURNING "id"[0m  [["author", "Juan Pérez"], ["comment", "Que buena noticia!"], ["created_at", "2018-04-03 19:26:43.031357"], ["updated_at", "2018-04-03 19:26:43.031357"], ["new_id", 3]]
  [1m[35m (6.4ms)[0m  [1m[35mCOMMIT[0m
  [1m[35m (0.2ms)[0m  [1m[35mBEGIN[0m
  [1m[35m (0.2ms)[0m  [1m[35mCOMMIT[0m
Completed 200 OK in 16ms (Views: 0.7ms | ActiveRecord: 8.5ms)


Started GET "/news/3/comments/2" for 127.0.0.1 at 2018-04-03 16:26:53 -0300
Processing by CommentsController#show_comment as */*
  Parameters: {"new_id"=>"3", "id"=>"2", "comment"=>{}}
  [1m[36mNew Load (0.4ms)[0m  [1m[34mSELECT  "news".* FROM "news" WHERE "news"."id" = $1 LIMIT $2[0m  [["id", 3], ["LIMIT", 1]]
  [1m[36mComment Load (0.6ms)[0m  [1m[34mSELECT  "comments".* FROM "comments" WHERE "comments"."id" = $1 LIMIT $2[0m  [["id", 2], ["LIMIT", 1]]
  [1m[36mComment Load (0.6ms)[0m  [1m[34mSELECT  "comments".* FROM "comments" WHERE "comments"."id" = $1 LIMIT $2[0m  [["id", 0], ["LIMIT", 1]]
Completed 404 Not Found in 7ms (ActiveRecord: 1.7ms)


  
ActiveRecord::RecordNotFound (Couldn't find Comment with 'id'=0):
  
app/controllers/comments_controller.rb:10:in `show_comment'
Started GET "/news/3/comments/3" for 127.0.0.1 at 2018-04-03 16:27:01 -0300
Processing by CommentsController#show_comment as */*
  Parameters: {"new_id"=>"3", "id"=>"3", "comment"=>{}}
  [1m[36mNew Load (0.3ms)[0m  [1m[34mSELECT  "news".* FROM "news" WHERE "news"."id" = $1 LIMIT $2[0m  [["id", 3], ["LIMIT", 1]]
  [1m[36mComment Load (0.6ms)[0m  [1m[34mSELECT  "comments".* FROM "comments" WHERE "comments"."id" = $1 LIMIT $2[0m  [["id", 3], ["LIMIT", 1]]
Completed 200 OK in 5ms (Views: 0.8ms | ActiveRecord: 0.9ms)


Started DELETE "/news/1/comments/2" for 127.0.0.1 at 2018-04-03 16:27:25 -0300
Processing by CommentsController#destroy_comment as */*
  Parameters: {"author"=>"Juan Pérez", "comment"=>"Que buena noticia!", "new_id"=>"1", "id"=>"2"}
  [1m[36mNew Load (0.2ms)[0m  [1m[34mSELECT  "news".* FROM "news" WHERE "news"."id" = $1 LIMIT $2[0m  [["id", 1], ["LIMIT", 1]]
  [1m[36mComment Load (0.3ms)[0m  [1m[34mSELECT  "comments".* FROM "comments" WHERE "comments"."id" = $1 LIMIT $2[0m  [["id", 2], ["LIMIT", 1]]
  [1m[35m (0.1ms)[0m  [1m[35mBEGIN[0m
  [1m[35mSQL (0.4ms)[0m  [1m[31mDELETE FROM "comments" WHERE "comments"."id" = $1[0m  [["id", 2]]
  [1m[35m (6.5ms)[0m  [1m[35mCOMMIT[0m
Completed 200 OK in 12ms (Views: 0.7ms | ActiveRecord: 7.6ms)


Started GET "/news/1/comments" for 127.0.0.1 at 2018-04-03 16:27:30 -0300
Processing by NewsController#comments as */*
  Parameters: {"new_id"=>"1", "news"=>{}}
  [1m[36mNew Load (0.3ms)[0m  [1m[34mSELECT  "news".* FROM "news" WHERE "news"."id" = $1 LIMIT $2[0m  [["id", 1], ["LIMIT", 1]]
  [1m[36mComment Load (0.3ms)[0m  [1m[34mSELECT "comments".* FROM "comments" WHERE "comments"."new_id" = $1[0m  [["new_id", 1]]
Completed 200 OK in 4ms (Views: 2.2ms | ActiveRecord: 0.6ms)


Started PUT "/news/1/comments/1" for 127.0.0.1 at 2018-04-03 16:27:54 -0300
Processing by CommentsController#update_comment as */*
  Parameters: {"author"=>"Juan Pérez", "comment"=>"No esta tan buena", "new_id"=>"1", "id"=>"1"}
  [1m[36mNew Load (0.3ms)[0m  [1m[34mSELECT  "news".* FROM "news" WHERE "news"."id" = $1 LIMIT $2[0m  [["id", 1], ["LIMIT", 1]]
  [1m[36mComment Load (0.4ms)[0m  [1m[34mSELECT  "comments".* FROM "comments" WHERE "comments"."id" = $1 LIMIT $2[0m  [["id", 1], ["LIMIT", 1]]
Unpermitted parameter: :id
  [1m[35m (0.2ms)[0m  [1m[35mBEGIN[0m
  [1m[36mNew Load (0.3ms)[0m  [1m[34mSELECT  "news".* FROM "news" WHERE "news"."id" = $1 LIMIT $2[0m  [["id", 1], ["LIMIT", 1]]
  [1m[35mSQL (0.6ms)[0m  [1m[33mUPDATE "comments" SET "comment" = $1, "updated_at" = $2 WHERE "comments"."id" = $3[0m  [["comment", "No esta tan buena"], ["updated_at", "2018-04-03 19:27:54.147122"], ["id", 1]]
  [1m[35m (6.6ms)[0m  [1m[35mCOMMIT[0m
Completed 200 OK in 19ms (Views: 0.8ms | ActiveRecord: 8.4ms)


Started GET "/news/1/comments" for 127.0.0.1 at 2018-04-03 16:28:03 -0300
Processing by NewsController#comments as */*
  Parameters: {"new_id"=>"1", "news"=>{}}
  [1m[36mNew Load (0.3ms)[0m  [1m[34mSELECT  "news".* FROM "news" WHERE "news"."id" = $1 LIMIT $2[0m  [["id", 1], ["LIMIT", 1]]
  [1m[36mComment Load (0.7ms)[0m  [1m[34mSELECT "comments".* FROM "comments" WHERE "comments"."new_id" = $1[0m  [["new_id", 1]]
Completed 200 OK in 5ms (Views: 2.7ms | ActiveRecord: 0.9ms)


Started PUT "/news/1/comments/1" for 127.0.0.1 at 2018-04-03 16:28:23 -0300
Processing by CommentsController#update_comment as */*
  Parameters: {"author"=>"Juan Péreira", "new_id"=>"1", "id"=>"1", "comment"=>{"author"=>"Juan Péreira"}}
  [1m[36mNew Load (0.3ms)[0m  [1m[34mSELECT  "news".* FROM "news" WHERE "news"."id" = $1 LIMIT $2[0m  [["id", 1], ["LIMIT", 1]]
  [1m[36mComment Load (0.4ms)[0m  [1m[34mSELECT  "comments".* FROM "comments" WHERE "comments"."id" = $1 LIMIT $2[0m  [["id", 1], ["LIMIT", 1]]
Unpermitted parameters: :id, :comment
  [1m[35m (0.2ms)[0m  [1m[35mBEGIN[0m
  [1m[36mNew Load (0.3ms)[0m  [1m[34mSELECT  "news".* FROM "news" WHERE "news"."id" = $1 LIMIT $2[0m  [["id", 1], ["LIMIT", 1]]
  [1m[35mSQL (0.5ms)[0m  [1m[33mUPDATE "comments" SET "author" = $1, "updated_at" = $2 WHERE "comments"."id" = $3[0m  [["author", "Juan Péreira"], ["updated_at", "2018-04-03 19:28:23.716682"], ["id", 1]]
  [1m[35m (6.5ms)[0m  [1m[35mCOMMIT[0m
Completed 200 OK in 16ms (Views: 0.7ms | ActiveRecord: 8.2ms)


Started GET "/news/1/comments" for 127.0.0.1 at 2018-04-03 16:28:30 -0300
Processing by NewsController#comments as */*
  Parameters: {"new_id"=>"1", "news"=>{}}
  [1m[36mNew Load (0.3ms)[0m  [1m[34mSELECT  "news".* FROM "news" WHERE "news"."id" = $1 LIMIT $2[0m  [["id", 1], ["LIMIT", 1]]
  [1m[36mComment Load (0.4ms)[0m  [1m[34mSELECT "comments".* FROM "comments" WHERE "comments"."new_id" = $1[0m  [["new_id", 1]]
Completed 200 OK in 5ms (Views: 2.4ms | ActiveRecord: 0.7ms)


Started PATCH "/news/1/comments/1" for 127.0.0.1 at 2018-04-03 16:29:43 -0300
Processing by CommentsController#update_comment as */*
  Parameters: {"author"=>"Juan Péreira", "new_id"=>"1", "id"=>"1", "comment"=>{"author"=>"Juan Péreira"}}
  [1m[36mNew Load (0.3ms)[0m  [1m[34mSELECT  "news".* FROM "news" WHERE "news"."id" = $1 LIMIT $2[0m  [["id", 1], ["LIMIT", 1]]
  [1m[36mComment Load (0.4ms)[0m  [1m[34mSELECT  "comments".* FROM "comments" WHERE "comments"."id" = $1 LIMIT $2[0m  [["id", 1], ["LIMIT", 1]]
Unpermitted parameters: :id, :comment
  [1m[35m (0.2ms)[0m  [1m[35mBEGIN[0m
  [1m[36mNew Load (0.3ms)[0m  [1m[34mSELECT  "news".* FROM "news" WHERE "news"."id" = $1 LIMIT $2[0m  [["id", 1], ["LIMIT", 1]]
  [1m[35m (0.3ms)[0m  [1m[35mCOMMIT[0m
Completed 200 OK in 46ms (Views: 0.7ms | ActiveRecord: 13.2ms)


Started PATCH "/news/1/comments/1" for 127.0.0.1 at 2018-04-03 16:29:49 -0300
Processing by CommentsController#update_comment as */*
  Parameters: {"author"=>"Juan Péreiraaaaa", "new_id"=>"1", "id"=>"1", "comment"=>{"author"=>"Juan Péreiraaaaa"}}
  [1m[36mNew Load (0.3ms)[0m  [1m[34mSELECT  "news".* FROM "news" WHERE "news"."id" = $1 LIMIT $2[0m  [["id", 1], ["LIMIT", 1]]
  [1m[36mComment Load (0.4ms)[0m  [1m[34mSELECT  "comments".* FROM "comments" WHERE "comments"."id" = $1 LIMIT $2[0m  [["id", 1], ["LIMIT", 1]]
Unpermitted parameters: :id, :comment
  [1m[35m (0.3ms)[0m  [1m[35mBEGIN[0m
  [1m[36mNew Load (0.5ms)[0m  [1m[34mSELECT  "news".* FROM "news" WHERE "news"."id" = $1 LIMIT $2[0m  [["id", 1], ["LIMIT", 1]]
  [1m[35mSQL (0.7ms)[0m  [1m[33mUPDATE "comments" SET "author" = $1, "updated_at" = $2 WHERE "comments"."id" = $3[0m  [["author", "Juan Péreiraaaaa"], ["updated_at", "2018-04-03 19:29:49.255747"], ["id", 1]]
  [1m[35m (0.6ms)[0m  [1m[35mCOMMIT[0m
Completed 200 OK in 13ms (Views: 0.8ms | ActiveRecord: 2.9ms)


Started GET "/news/1/comments/1" for 127.0.0.1 at 2018-04-03 16:29:54 -0300
Processing by CommentsController#show_comment as */*
  Parameters: {"new_id"=>"1", "id"=>"1", "comment"=>{}}
  [1m[36mNew Load (0.3ms)[0m  [1m[34mSELECT  "news".* FROM "news" WHERE "news"."id" = $1 LIMIT $2[0m  [["id", 1], ["LIMIT", 1]]
  [1m[36mComment Load (0.4ms)[0m  [1m[34mSELECT  "comments".* FROM "comments" WHERE "comments"."id" = $1 LIMIT $2[0m  [["id", 1], ["LIMIT", 1]]
Completed 200 OK in 5ms (Views: 1.0ms | ActiveRecord: 0.8ms)


Started GET "/news/1/comments" for 127.0.0.1 at 2018-04-03 16:29:57 -0300
Processing by NewsController#comments as */*
  Parameters: {"new_id"=>"1", "news"=>{}}
  [1m[36mNew Load (0.5ms)[0m  [1m[34mSELECT  "news".* FROM "news" WHERE "news"."id" = $1 LIMIT $2[0m  [["id", 1], ["LIMIT", 1]]
  [1m[36mComment Load (0.6ms)[0m  [1m[34mSELECT "comments".* FROM "comments" WHERE "comments"."new_id" = $1[0m  [["new_id", 1]]
Completed 200 OK in 11ms (Views: 5.3ms | ActiveRecord: 1.1ms)


Started POST "/news" for 127.0.0.1 at 2018-04-03 17:11:01 -0300
Processing by NewsController#create as */*
  Parameters: {"title"=>"Título de la noticia creada", "subtitle"=>"Subtítulo de la noticia creada", "body"=>"Cuerpo de la noticia creada", "news"=>{"title"=>"Título de la noticia creada", "subtitle"=>"Subtítulo de la noticia creada", "body"=>"Cuerpo de la noticia creada"}}
  [1m[35m (0.3ms)[0m  [1m[35mBEGIN[0m
  [1m[36mNew Exists (0.6ms)[0m  [1m[34mSELECT  1 AS one FROM "news" WHERE "news"."title" = $1 LIMIT $2[0m  [["title", "Título de la noticia creada"], ["LIMIT", 1]]
  [1m[35mSQL (0.9ms)[0m  [1m[32mINSERT INTO "news" ("title", "subtitle", "body", "created_at", "updated_at") VALUES ($1, $2, $3, $4, $5) RETURNING "id"[0m  [["title", "Título de la noticia creada"], ["subtitle", "Subtítulo de la noticia creada"], ["body", "Cuerpo de la noticia creada"], ["created_at", "2018-04-03 20:11:02.012733"], ["updated_at", "2018-04-03 20:11:02.012733"]]
  [1m[35m (0.5ms)[0m  [1m[35mCOMMIT[0m
Completed 201 Created in 49ms (Views: 1.1ms | ActiveRecord: 13.1ms)


Started GET "/news" for 127.0.0.1 at 2018-04-03 17:11:56 -0300
Processing by NewsController#index as */*
  Parameters: {"news"=>{}}
  [1m[36mNew Load (0.9ms)[0m  [1m[34mSELECT "news".* FROM "news"[0m
Completed 200 OK in 5ms (Views: 3.2ms | ActiveRecord: 0.9ms)


Started GET "/news" for 127.0.0.1 at 2018-04-03 17:23:07 -0300
Processing by NewsController#index as */*
  Parameters: {"news"=>{}}
  [1m[36mNew Load (1.2ms)[0m  [1m[34mSELECT "news".* FROM "news"[0m
Completed 200 OK in 55ms (Views: 25.8ms | ActiveRecord: 11.6ms)


Started GET "/news/1/comments" for 127.0.0.1 at 2018-04-03 17:23:27 -0300
Processing by NewsController#comments as */*
  Parameters: {"new_id"=>"1", "news"=>{}}
  [1m[36mNew Load (0.7ms)[0m  [1m[34mSELECT  "news".* FROM "news" WHERE "news"."id" = $1 LIMIT $2[0m  [["id", 1], ["LIMIT", 1]]
  [1m[36mComment Load (0.6ms)[0m  [1m[34mSELECT "comments".* FROM "comments" WHERE "comments"."new_id" = $1[0m  [["new_id", 1]]
Completed 200 OK in 44ms (Views: 17.9ms | ActiveRecord: 8.4ms)


Started GET "/news/1/comments/2" for 127.0.0.1 at 2018-04-03 17:23:32 -0300
  
SyntaxError (/Users/JPSCHELE/Desktop/ta_2/app/controllers/comments_controller.rb:11: syntax error, unexpected keyword_rescue, expecting keyword_end
		rescue Exception
		      ^):
  
app/controllers/comments_controller.rb:11: syntax error, unexpected keyword_rescue, expecting keyword_end
Started GET "/news/1/comments/2" for 127.0.0.1 at 2018-04-03 17:24:03 -0300
Processing by CommentsController#show_comment as */*
  Parameters: {"new_id"=>"1", "id"=>"2", "comment"=>{}}
  [1m[36mNew Load (0.4ms)[0m  [1m[34mSELECT  "news".* FROM "news" WHERE "news"."id" = $1 LIMIT $2[0m  [["id", 1], ["LIMIT", 1]]
  [1m[36mComment Load (0.4ms)[0m  [1m[34mSELECT  "comments".* FROM "comments" WHERE "comments"."id" = $1 LIMIT $2[0m  [["id", 2], ["LIMIT", 1]]
Completed 500 Internal Server Error in 295ms (ActiveRecord: 11.5ms)


  
ActiveRecord::RecordNotFound (Couldn't find Comment with 'id'=2):
  
app/controllers/comments_controller.rb:6:in `show_comment'
Started GET "/news/1/comments/2" for 127.0.0.1 at 2018-04-03 17:25:33 -0300
Processing by CommentsController#show_comment as */*
  Parameters: {"new_id"=>"1", "id"=>"2", "comment"=>{}}
  [1m[36mNew Load (0.9ms)[0m  [1m[34mSELECT  "news".* FROM "news" WHERE "news"."id" = $1 LIMIT $2[0m  [["id", 1], ["LIMIT", 1]]
  [1m[36mComment Load (0.4ms)[0m  [1m[34mSELECT  "comments".* FROM "comments" WHERE "comments"."id" = $1 LIMIT $2[0m  [["id", 2], ["LIMIT", 1]]
Completed 404 Not Found in 27ms (ActiveRecord: 1.2ms)


  
ActiveRecord::RecordNotFound (Couldn't find Comment with 'id'=2):
  
app/controllers/comments_controller.rb:6:in `show_comment'
Started GET "/news" for 127.0.0.1 at 2018-04-03 17:25:51 -0300
Processing by NewsController#index as */*
  Parameters: {"news"=>{}}
  [1m[36mNew Load (0.5ms)[0m  [1m[34mSELECT "news".* FROM "news"[0m
Completed 200 OK in 4ms (Views: 3.1ms | ActiveRecord: 0.5ms)


Started GET "/news/3/comments/1" for 127.0.0.1 at 2018-04-03 17:25:59 -0300
Processing by CommentsController#show_comment as */*
  Parameters: {"new_id"=>"3", "id"=>"1", "comment"=>{}}
  [1m[36mNew Load (0.6ms)[0m  [1m[34mSELECT  "news".* FROM "news" WHERE "news"."id" = $1 LIMIT $2[0m  [["id", 3], ["LIMIT", 1]]
  [1m[36mComment Load (0.3ms)[0m  [1m[34mSELECT  "comments".* FROM "comments" WHERE "comments"."id" = $1 LIMIT $2[0m  [["id", 1], ["LIMIT", 1]]
Completed 404 Not Found in 21ms (Views: 0.3ms | ActiveRecord: 0.9ms)


Started DELETE "/news/3/comments/1" for 127.0.0.1 at 2018-04-03 17:27:20 -0300
Processing by CommentsController#destroy_comment as */*
  Parameters: {"comment"=>"Que mbasfjhajsfajkala!", "new_id"=>"3", "id"=>"1"}
  [1m[36mNew Load (0.4ms)[0m  [1m[34mSELECT  "news".* FROM "news" WHERE "news"."id" = $1 LIMIT $2[0m  [["id", 3], ["LIMIT", 1]]
  [1m[36mComment Load (0.5ms)[0m  [1m[34mSELECT  "comments".* FROM "comments" WHERE "comments"."id" = $1 LIMIT $2[0m  [["id", 1], ["LIMIT", 1]]
Completed 404 Not Found in 34ms (Views: 0.3ms | ActiveRecord: 0.9ms)


Started PUT "/news/3/comments/1" for 127.0.0.1 at 2018-04-03 17:27:27 -0300
Processing by CommentsController#update_comment as */*
  Parameters: {"comment"=>"Que mbasfjhajsfajkala!", "new_id"=>"3", "id"=>"1"}
  [1m[36mNew Load (0.4ms)[0m  [1m[34mSELECT  "news".* FROM "news" WHERE "news"."id" = $1 LIMIT $2[0m  [["id", 3], ["LIMIT", 1]]
  [1m[36mComment Load (0.7ms)[0m  [1m[34mSELECT  "comments".* FROM "comments" WHERE "comments"."id" = $1 LIMIT $2[0m  [["id", 1], ["LIMIT", 1]]
Completed 404 Not Found in 5ms (Views: 0.2ms | ActiveRecord: 1.1ms)


Started GET "/news/3" for 127.0.0.1 at 2018-04-03 17:31:15 -0300
Processing by NewsController#show as */*
  Parameters: {"id"=>"3", "news"=>{}}
  [1m[36mNew Load (0.3ms)[0m  [1m[34mSELECT  "news".* FROM "news" WHERE "news"."id" = $1 LIMIT $2[0m  [["id", 3], ["LIMIT", 1]]
Completed 200 OK in 31ms (Views: 0.8ms | ActiveRecord: 6.4ms)


Started GET "/news/5" for 127.0.0.1 at 2018-04-03 17:31:19 -0300
Processing by NewsController#show as */*
  Parameters: {"id"=>"5", "news"=>{}}
  [1m[36mNew Load (0.3ms)[0m  [1m[34mSELECT  "news".* FROM "news" WHERE "news"."id" = $1 LIMIT $2[0m  [["id", 5], ["LIMIT", 1]]
Filter chain halted as :set_new rendered or redirected
Completed 404 Not Found in 5ms (Views: 0.3ms | ActiveRecord: 0.3ms)


Started GET "/news/9" for 127.0.0.1 at 2018-04-03 17:31:24 -0300
Processing by NewsController#show as */*
  Parameters: {"id"=>"9", "news"=>{}}
  [1m[36mNew Load (0.3ms)[0m  [1m[34mSELECT  "news".* FROM "news" WHERE "news"."id" = $1 LIMIT $2[0m  [["id", 9], ["LIMIT", 1]]
Filter chain halted as :set_new rendered or redirected
Completed 404 Not Found in 2ms (Views: 0.2ms | ActiveRecord: 0.2ms)


Started GET "/news/1" for 127.0.0.1 at 2018-04-03 17:31:27 -0300
Processing by NewsController#show as */*
  Parameters: {"id"=>"1", "news"=>{}}
  [1m[36mNew Load (0.4ms)[0m  [1m[34mSELECT  "news".* FROM "news" WHERE "news"."id" = $1 LIMIT $2[0m  [["id", 1], ["LIMIT", 1]]
Completed 200 OK in 4ms (Views: 0.9ms | ActiveRecord: 0.4ms)


Started GET "/news/2" for 127.0.0.1 at 2018-04-03 17:31:29 -0300
Processing by NewsController#show as */*
  Parameters: {"id"=>"2", "news"=>{}}
  [1m[36mNew Load (0.8ms)[0m  [1m[34mSELECT  "news".* FROM "news" WHERE "news"."id" = $1 LIMIT $2[0m  [["id", 2], ["LIMIT", 1]]
Filter chain halted as :set_new rendered or redirected
Completed 404 Not Found in 87ms (Views: 0.2ms | ActiveRecord: 0.8ms)


Started GET "/news/3" for 127.0.0.1 at 2018-04-03 17:31:31 -0300
Processing by NewsController#show as */*
  Parameters: {"id"=>"3", "news"=>{}}
  [1m[36mNew Load (0.3ms)[0m  [1m[34mSELECT  "news".* FROM "news" WHERE "news"."id" = $1 LIMIT $2[0m  [["id", 3], ["LIMIT", 1]]
Completed 200 OK in 3ms (Views: 0.7ms | ActiveRecord: 0.3ms)


Started GET "/news/4" for 127.0.0.1 at 2018-04-03 17:31:33 -0300
Processing by NewsController#show as */*
  Parameters: {"id"=>"4", "news"=>{}}
  [1m[36mNew Load (0.3ms)[0m  [1m[34mSELECT  "news".* FROM "news" WHERE "news"."id" = $1 LIMIT $2[0m  [["id", 4], ["LIMIT", 1]]
Completed 200 OK in 3ms (Views: 0.9ms | ActiveRecord: 0.3ms)


Started GET "/news/5" for 127.0.0.1 at 2018-04-03 17:31:34 -0300
Processing by NewsController#show as */*
  Parameters: {"id"=>"5", "news"=>{}}
  [1m[36mNew Load (0.4ms)[0m  [1m[34mSELECT  "news".* FROM "news" WHERE "news"."id" = $1 LIMIT $2[0m  [["id", 5], ["LIMIT", 1]]
Filter chain halted as :set_new rendered or redirected
Completed 404 Not Found in 4ms (Views: 0.2ms | ActiveRecord: 0.4ms)


Started GET "/news/1" for 127.0.0.1 at 2018-04-03 17:33:43 -0300
Processing by NewsController#show as */*
  Parameters: {"id"=>"1", "news"=>{}}
  [1m[36mNew Load (0.3ms)[0m  [1m[34mSELECT  "news".* FROM "news" WHERE "news"."id" = $1 LIMIT $2[0m  [["id", 1], ["LIMIT", 1]]
Completed 200 OK in 47ms (Views: 0.7ms | ActiveRecord: 15.6ms)


Started GET "/news/1/comments" for 127.0.0.1 at 2018-04-03 17:33:49 -0300
Processing by NewsController#comments as */*
  Parameters: {"new_id"=>"1", "news"=>{}}
  [1m[36mNew Load (0.3ms)[0m  [1m[34mSELECT  "news".* FROM "news" WHERE "news"."id" = $1 LIMIT $2[0m  [["id", nil], ["LIMIT", 1]]
Filter chain halted as :set_new rendered or redirected
Completed 404 Not Found in 4ms (Views: 0.2ms | ActiveRecord: 0.3ms)


Started GET "/news/1/comments/1" for 127.0.0.1 at 2018-04-03 17:34:02 -0300
Processing by CommentsController#show_comment as */*
  Parameters: {"new_id"=>"1", "id"=>"1", "comment"=>{}}
  [1m[36mNew Load (0.4ms)[0m  [1m[34mSELECT  "news".* FROM "news" WHERE "news"."id" = $1 LIMIT $2[0m  [["id", 1], ["LIMIT", 1]]
  [1m[36mComment Load (0.3ms)[0m  [1m[34mSELECT  "comments".* FROM "comments" WHERE "comments"."id" = $1 LIMIT $2[0m  [["id", 1], ["LIMIT", 1]]
Completed 200 OK in 17ms (Views: 1.2ms | ActiveRecord: 6.3ms)


Started GET "/news/1/comments" for 127.0.0.1 at 2018-04-03 17:34:06 -0300
Processing by NewsController#comments as */*
  Parameters: {"new_id"=>"1", "news"=>{}}
  [1m[36mNew Load (0.4ms)[0m  [1m[34mSELECT  "news".* FROM "news" WHERE "news"."id" = $1 LIMIT $2[0m  [["id", nil], ["LIMIT", 1]]
Filter chain halted as :set_new rendered or redirected
Completed 404 Not Found in 3ms (Views: 0.2ms | ActiveRecord: 0.4ms)


Started GET "/news/1/comments" for 127.0.0.1 at 2018-04-03 17:34:55 -0300
Processing by NewsController#comments as */*
  Parameters: {"new_id"=>"1", "news"=>{}}
  [1m[36mNew Load (0.4ms)[0m  [1m[34mSELECT  "news".* FROM "news" WHERE "news"."id" = $1 LIMIT $2[0m  [["id", nil], ["LIMIT", 1]]
Completed 404 Not Found in 17ms (ActiveRecord: 6.2ms)


  
ActiveRecord::RecordNotFound (Couldn't find New with 'id'=):
  
app/controllers/news_controller.rb:51:in `set_new'
Started GET "/news/1/comments" for 127.0.0.1 at 2018-04-03 17:37:54 -0300
Processing by NewsController#comments as */*
  Parameters: {"news_id"=>"1", "news"=>{}}
  [1m[36mNew Load (0.3ms)[0m  [1m[34mSELECT  "news".* FROM "news" WHERE "news"."id" = $1 LIMIT $2[0m  [["id", nil], ["LIMIT", 1]]
Filter chain halted as :set_new_2 rendered or redirected
Completed 404 Not Found in 11ms (Views: 0.3ms | ActiveRecord: 0.3ms)


Started GET "/news/1/comments" for 127.0.0.1 at 2018-04-03 17:37:56 -0300
Processing by NewsController#comments as */*
  Parameters: {"news_id"=>"1", "news"=>{}}
  [1m[36mNew Load (0.3ms)[0m  [1m[34mSELECT  "news".* FROM "news" WHERE "news"."id" = $1 LIMIT $2[0m  [["id", nil], ["LIMIT", 1]]
Filter chain halted as :set_new_2 rendered or redirected
Completed 404 Not Found in 3ms (Views: 0.2ms | ActiveRecord: 0.3ms)


Started GET "/news/1/comments" for 127.0.0.1 at 2018-04-03 17:38:01 -0300
Processing by NewsController#comments as */*
  Parameters: {"news_id"=>"1", "news"=>{}}
  [1m[36mNew Load (0.3ms)[0m  [1m[34mSELECT  "news".* FROM "news" WHERE "news"."id" = $1 LIMIT $2[0m  [["id", nil], ["LIMIT", 1]]
Filter chain halted as :set_new_2 rendered or redirected
Completed 404 Not Found in 2ms (Views: 0.2ms | ActiveRecord: 0.3ms)


Started GET "/news/1/comments" for 127.0.0.1 at 2018-04-03 17:38:53 -0300
Processing by NewsController#comments as */*
  Parameters: {"news_id"=>"1", "news"=>{}}
  [1m[36mNew Load (0.3ms)[0m  [1m[34mSELECT  "news".* FROM "news" WHERE "news"."id" = $1 LIMIT $2[0m  [["id", nil], ["LIMIT", 1]]
Filter chain halted as :set_new_2 rendered or redirected
Completed 404 Not Found in 14ms (Views: 0.3ms | ActiveRecord: 0.3ms)


Started GET "/news/1/comments" for 127.0.0.1 at 2018-04-03 17:39:48 -0300
Processing by NewsController#comments as */*
  Parameters: {"news_id"=>"1", "news"=>{}}
  [1m[36mNew Load (0.4ms)[0m  [1m[34mSELECT  "news".* FROM "news" WHERE "news"."id" = $1 LIMIT $2[0m  [["id", 1], ["LIMIT", 1]]
Completed 500 Internal Server Error in 25ms (ActiveRecord: 0.4ms)


  
NoMethodError (undefined method `comments' for nil:NilClass):
  
app/controllers/news_controller.rb:42:in `comments'
Started GET "/news/1" for 127.0.0.1 at 2018-04-03 17:40:15 -0300
Processing by NewsController#show as */*
  Parameters: {"id"=>"1", "news"=>{}}
  [1m[36mNew Load (0.3ms)[0m  [1m[34mSELECT  "news".* FROM "news" WHERE "news"."id" = $1 LIMIT $2[0m  [["id", 1], ["LIMIT", 1]]
Completed 200 OK in 4ms (Views: 0.8ms | ActiveRecord: 0.3ms)


Started GET "/news/1/comments" for 127.0.0.1 at 2018-04-03 17:40:21 -0300
Processing by NewsController#comments as */*
  Parameters: {"news_id"=>"1", "news"=>{}}
  [1m[36mNew Load (0.3ms)[0m  [1m[34mSELECT  "news".* FROM "news" WHERE "news"."id" = $1 LIMIT $2[0m  [["id", 1], ["LIMIT", 1]]
Completed 500 Internal Server Error in 5ms (ActiveRecord: 0.3ms)


  
NoMethodError (undefined method `comments' for nil:NilClass):
  
app/controllers/news_controller.rb:42:in `comments'
Started GET "/news/1/comments" for 127.0.0.1 at 2018-04-03 17:41:17 -0300
Processing by NewsController#comments as */*
  Parameters: {"news_id"=>"1", "news"=>{}}
  [1m[36mNew Load (0.3ms)[0m  [1m[34mSELECT  "news".* FROM "news" WHERE "news"."id" = $1 LIMIT $2[0m  [["id", 1], ["LIMIT", 1]]
Completed 500 Internal Server Error in 20ms (ActiveRecord: 0.3ms)


  
NoMethodError (undefined method `comments' for nil:NilClass):
  
app/controllers/news_controller.rb:42:in `comments'
Started GET "/news/1/comments" for 127.0.0.1 at 2018-04-03 17:41:39 -0300
Processing by NewsController#comments as */*
  Parameters: {"news_id"=>"1", "news"=>{}}
  [1m[36mNew Load (0.3ms)[0m  [1m[34mSELECT  "news".* FROM "news" WHERE "news"."id" = $1 LIMIT $2[0m  [["id", 1], ["LIMIT", 1]]
  [1m[36mComment Load (0.5ms)[0m  [1m[34mSELECT "comments".* FROM "comments" WHERE "comments"."new_id" = $1[0m  [["new_id", 1]]
Completed 200 OK in 56ms (Views: 18.4ms | ActiveRecord: 6.3ms)


Started GET "/news/6/comments" for 127.0.0.1 at 2018-04-03 17:41:53 -0300
Processing by NewsController#comments as */*
  Parameters: {"news_id"=>"6", "news"=>{}}
  [1m[36mNew Load (0.3ms)[0m  [1m[34mSELECT  "news".* FROM "news" WHERE "news"."id" = $1 LIMIT $2[0m  [["id", 6], ["LIMIT", 1]]
Filter chain halted as :set_new_2 rendered or redirected
Completed 404 Not Found in 3ms (Views: 0.2ms | ActiveRecord: 0.3ms)


Started GET "/news/4/comments" for 127.0.0.1 at 2018-04-03 17:41:56 -0300
Processing by NewsController#comments as */*
  Parameters: {"news_id"=>"4", "news"=>{}}
  [1m[36mNew Load (0.3ms)[0m  [1m[34mSELECT  "news".* FROM "news" WHERE "news"."id" = $1 LIMIT $2[0m  [["id", 4], ["LIMIT", 1]]
  [1m[36mComment Load (0.4ms)[0m  [1m[34mSELECT "comments".* FROM "comments" WHERE "comments"."new_id" = $1[0m  [["new_id", 4]]
Completed 200 OK in 4ms (Views: 1.6ms | ActiveRecord: 0.8ms)


Started GET "/news/3/comments" for 127.0.0.1 at 2018-04-03 17:41:59 -0300
Processing by NewsController#comments as */*
  Parameters: {"news_id"=>"3", "news"=>{}}
  [1m[36mNew Load (0.3ms)[0m  [1m[34mSELECT  "news".* FROM "news" WHERE "news"."id" = $1 LIMIT $2[0m  [["id", 3], ["LIMIT", 1]]
  [1m[36mComment Load (0.6ms)[0m  [1m[34mSELECT "comments".* FROM "comments" WHERE "comments"."new_id" = $1[0m  [["new_id", 3]]
Completed 200 OK in 10ms (Views: 2.9ms | ActiveRecord: 0.9ms)


Started GET "/news/2/comments" for 127.0.0.1 at 2018-04-03 17:42:00 -0300
Processing by NewsController#comments as */*
  Parameters: {"news_id"=>"2", "news"=>{}}
  [1m[36mNew Load (0.3ms)[0m  [1m[34mSELECT  "news".* FROM "news" WHERE "news"."id" = $1 LIMIT $2[0m  [["id", 2], ["LIMIT", 1]]
Filter chain halted as :set_new_2 rendered or redirected
Completed 404 Not Found in 2ms (Views: 0.2ms | ActiveRecord: 0.3ms)


Started GET "/news/1/comments" for 127.0.0.1 at 2018-04-03 17:42:01 -0300
Processing by NewsController#comments as */*
  Parameters: {"news_id"=>"1", "news"=>{}}
  [1m[36mNew Load (0.3ms)[0m  [1m[34mSELECT  "news".* FROM "news" WHERE "news"."id" = $1 LIMIT $2[0m  [["id", 1], ["LIMIT", 1]]
  [1m[36mComment Load (0.6ms)[0m  [1m[34mSELECT "comments".* FROM "comments" WHERE "comments"."new_id" = $1[0m  [["new_id", 1]]
Completed 200 OK in 6ms (Views: 3.3ms | ActiveRecord: 0.9ms)


Started GET "/news" for 127.0.0.1 at 2018-04-03 17:42:07 -0300
Processing by NewsController#index as */*
  Parameters: {"news"=>{}}
  [1m[36mNew Load (0.4ms)[0m  [1m[34mSELECT "news".* FROM "news"[0m
Completed 200 OK in 5ms (Views: 3.7ms | ActiveRecord: 0.4ms)


Started GET "/news" for 127.0.0.1 at 2018-04-03 17:47:58 -0300
Processing by NewsController#index as */*
  Parameters: {"news"=>{}}
  [1m[36mNew Load (1.2ms)[0m  [1m[34mSELECT "news".* FROM "news"[0m
Completed 200 OK in 20ms (Views: 16.1ms | ActiveRecord: 1.2ms)


Started GET "/news/1/comments" for 127.0.0.1 at 2018-04-03 17:48:14 -0300
Processing by NewsController#comments as */*
  Parameters: {"news_id"=>"1", "news"=>{}}
  [1m[36mNew Load (0.9ms)[0m  [1m[34mSELECT  "news".* FROM "news" WHERE "news"."id" = $1 LIMIT $2[0m  [["id", 1], ["LIMIT", 1]]
  [1m[36mComment Load (1.2ms)[0m  [1m[34mSELECT "comments".* FROM "comments" WHERE "comments"."new_id" = $1[0m  [["new_id", 1]]
Completed 200 OK in 26ms (Views: 17.6ms | ActiveRecord: 2.1ms)


Started GET "/news/2/comments" for 127.0.0.1 at 2018-04-03 17:48:19 -0300
Processing by NewsController#comments as */*
  Parameters: {"news_id"=>"2", "news"=>{}}
  [1m[36mNew Load (0.5ms)[0m  [1m[34mSELECT  "news".* FROM "news" WHERE "news"."id" = $1 LIMIT $2[0m  [["id", 2], ["LIMIT", 1]]
Filter chain halted as :set_new_2 rendered or redirected
Completed 404 Not Found in 6ms (Views: 0.3ms | ActiveRecord: 0.5ms)


Started GET "/news/3/comments" for 127.0.0.1 at 2018-04-03 17:48:22 -0300
Processing by NewsController#comments as */*
  Parameters: {"news_id"=>"3", "news"=>{}}
  [1m[36mNew Load (0.3ms)[0m  [1m[34mSELECT  "news".* FROM "news" WHERE "news"."id" = $1 LIMIT $2[0m  [["id", 3], ["LIMIT", 1]]
  [1m[36mComment Load (1.1ms)[0m  [1m[34mSELECT "comments".* FROM "comments" WHERE "comments"."new_id" = $1[0m  [["new_id", 3]]
Completed 200 OK in 8ms (Views: 3.3ms | ActiveRecord: 1.4ms)


Started GET "/news/4/comments" for 127.0.0.1 at 2018-04-03 17:48:26 -0300
Processing by NewsController#comments as */*
  Parameters: {"news_id"=>"4", "news"=>{}}
  [1m[36mNew Load (0.5ms)[0m  [1m[34mSELECT  "news".* FROM "news" WHERE "news"."id" = $1 LIMIT $2[0m  [["id", 4], ["LIMIT", 1]]
  [1m[36mComment Load (0.5ms)[0m  [1m[34mSELECT "comments".* FROM "comments" WHERE "comments"."new_id" = $1[0m  [["new_id", 4]]
Completed 200 OK in 5ms (Views: 1.8ms | ActiveRecord: 1.0ms)


Started DELETE "/news/4" for 127.0.0.1 at 2018-04-03 17:48:33 -0300
Processing by NewsController#destroy as */*
  Parameters: {"title"=>"Título de la noticia creada", "subtitle"=>"Subtítulo de la noticia creada", "body"=>"Cuerpo de la noticia creada", "id"=>"4", "news"=>{"title"=>"Título de la noticia creada", "subtitle"=>"Subtítulo de la noticia creada", "body"=>"Cuerpo de la noticia creada"}}
  [1m[36mNew Load (0.3ms)[0m  [1m[34mSELECT  "news".* FROM "news" WHERE "news"."id" = $1 LIMIT $2[0m  [["id", 4], ["LIMIT", 1]]
  [1m[35m (0.4ms)[0m  [1m[35mBEGIN[0m
  [1m[35mSQL (1.8ms)[0m  [1m[31mDELETE FROM "news" WHERE "news"."id" = $1[0m  [["id", 4]]
  [1m[35m (6.8ms)[0m  [1m[35mCOMMIT[0m
Completed 200 OK in 18ms (Views: 1.1ms | ActiveRecord: 9.3ms)


Started DELETE "/news" for 127.0.0.1 at 2018-04-03 17:48:38 -0300
  
ActionController::RoutingError (No route matches [DELETE] "/news"):
  
actionpack (5.1.6) lib/action_dispatch/middleware/debug_exceptions.rb:63:in `call'
web-console (3.5.1) lib/web_console/middleware.rb:135:in `call_app'
web-console (3.5.1) lib/web_console/middleware.rb:28:in `block in call'
web-console (3.5.1) lib/web_console/middleware.rb:18:in `catch'
web-console (3.5.1) lib/web_console/middleware.rb:18:in `call'
actionpack (5.1.6) lib/action_dispatch/middleware/show_exceptions.rb:31:in `call'
railties (5.1.6) lib/rails/rack/logger.rb:36:in `call_app'
railties (5.1.6) lib/rails/rack/logger.rb:24:in `block in call'
activesupport (5.1.6) lib/active_support/tagged_logging.rb:69:in `block in tagged'
activesupport (5.1.6) lib/active_support/tagged_logging.rb:26:in `tagged'
activesupport (5.1.6) lib/active_support/tagged_logging.rb:69:in `tagged'
railties (5.1.6) lib/rails/rack/logger.rb:24:in `call'
sprockets-rails (3.2.1) lib/sprockets/rails/quiet_assets.rb:13:in `call'
actionpack (5.1.6) lib/action_dispatch/middleware/remote_ip.rb:79:in `call'
actionpack (5.1.6) lib/action_dispatch/middleware/request_id.rb:25:in `call'
rack (2.0.4) lib/rack/method_override.rb:22:in `call'
rack (2.0.4) lib/rack/runtime.rb:22:in `call'
activesupport (5.1.6) lib/active_support/cache/strategy/local_cache_middleware.rb:27:in `call'
actionpack (5.1.6) lib/action_dispatch/middleware/executor.rb:12:in `call'
actionpack (5.1.6) lib/action_dispatch/middleware/static.rb:125:in `call'
rack (2.0.4) lib/rack/sendfile.rb:111:in `call'
railties (5.1.6) lib/rails/engine.rb:522:in `call'
puma (3.11.3) lib/puma/configuration.rb:225:in `call'
puma (3.11.3) lib/puma/server.rb:624:in `handle_request'
puma (3.11.3) lib/puma/server.rb:438:in `process_client'
puma (3.11.3) lib/puma/server.rb:302:in `block in run'
puma (3.11.3) lib/puma/thread_pool.rb:120:in `block in spawn_thread'
Started GET "/news" for 127.0.0.1 at 2018-04-03 17:48:45 -0300
Processing by NewsController#index as */*
  Parameters: {"news"=>{}}
  [1m[36mNew Load (0.9ms)[0m  [1m[34mSELECT "news".* FROM "news"[0m
Completed 200 OK in 5ms (Views: 2.9ms | ActiveRecord: 0.9ms)


Started DELETE "/news/1" for 127.0.0.1 at 2018-04-03 17:48:55 -0300
Processing by NewsController#destroy as */*
  Parameters: {"title"=>"Título de la noticia creada", "subtitle"=>"Subtítulo de la noticia creada", "body"=>"Cuerpo de la noticia creada", "id"=>"1", "news"=>{"title"=>"Título de la noticia creada", "subtitle"=>"Subtítulo de la noticia creada", "body"=>"Cuerpo de la noticia creada"}}
  [1m[36mNew Load (0.5ms)[0m  [1m[34mSELECT  "news".* FROM "news" WHERE "news"."id" = $1 LIMIT $2[0m  [["id", 1], ["LIMIT", 1]]
  [1m[35m (0.3ms)[0m  [1m[35mBEGIN[0m
  [1m[35mSQL (2.7ms)[0m  [1m[31mDELETE FROM "news" WHERE "news"."id" = $1[0m  [["id", 1]]
  [1m[35m (0.3ms)[0m  [1m[31mROLLBACK[0m
Completed 500 Internal Server Error in 9ms (ActiveRecord: 3.7ms)


  
ActiveRecord::InvalidForeignKey (PG::ForeignKeyViolation: ERROR:  update or delete on table "news" violates foreign key constraint "fk_rails_fdd6891474" on table "comments"
DETAIL:  Key (id)=(1) is still referenced from table "comments".
: DELETE FROM "news" WHERE "news"."id" = $1):
  
app/controllers/news_controller.rb:27:in `destroy'
Started DELETE "/news/1" for 127.0.0.1 at 2018-04-03 17:50:28 -0300
Processing by NewsController#destroy as */*
  Parameters: {"title"=>"Título de la noticia creada", "subtitle"=>"Subtítulo de la noticia creada", "body"=>"Cuerpo de la noticia creada", "id"=>"1", "news"=>{"title"=>"Título de la noticia creada", "subtitle"=>"Subtítulo de la noticia creada", "body"=>"Cuerpo de la noticia creada"}}
  [1m[36mNew Load (0.3ms)[0m  [1m[34mSELECT  "news".* FROM "news" WHERE "news"."id" = $1 LIMIT $2[0m  [["id", 1], ["LIMIT", 1]]
  [1m[35m (0.2ms)[0m  [1m[35mBEGIN[0m
  [1m[35mSQL (0.7ms)[0m  [1m[31mDELETE FROM "comments" WHERE "comments"."new_id" = $1[0m  [["new_id", 1]]
  [1m[35mSQL (1.5ms)[0m  [1m[31mDELETE FROM "news" WHERE "news"."id" = $1[0m  [["id", 1]]
  [1m[35m (10.6ms)[0m  [1m[35mCOMMIT[0m
Completed 200 OK in 44ms (Views: 1.1ms | ActiveRecord: 13.4ms)


Started GET "/news/1/comments" for 127.0.0.1 at 2018-04-03 17:50:38 -0300
Processing by NewsController#comments as */*
  Parameters: {"news_id"=>"1", "news"=>{}}
  [1m[36mNew Load (0.4ms)[0m  [1m[34mSELECT  "news".* FROM "news" WHERE "news"."id" = $1 LIMIT $2[0m  [["id", 1], ["LIMIT", 1]]
Filter chain halted as :set_new_2 rendered or redirected
Completed 404 Not Found in 3ms (Views: 0.3ms | ActiveRecord: 0.4ms)


Started GET "/news/3/comments" for 127.0.0.1 at 2018-04-03 17:50:48 -0300
Processing by NewsController#comments as */*
  Parameters: {"news_id"=>"3", "news"=>{}}
  [1m[36mNew Load (1.5ms)[0m  [1m[34mSELECT  "news".* FROM "news" WHERE "news"."id" = $1 LIMIT $2[0m  [["id", 3], ["LIMIT", 1]]
  [1m[36mComment Load (0.4ms)[0m  [1m[34mSELECT "comments".* FROM "comments" WHERE "comments"."new_id" = $1[0m  [["new_id", 3]]
Completed 200 OK in 22ms (Views: 17.8ms | ActiveRecord: 1.9ms)


